eb2992
*   4c402dc 9th commit (4th on testing).
|\  
| * 9560379 7th commit (5th on master).
| *   664cee9 6th commit (4th on master).
| |\  
| * | 8b86f93 5th commit (3rd on master).
* | | 39fa41f 8th commit (3rd on testing).
| |/  
|/|   
* | c33fdd1 4th commit (2nd on testing).
|/  
* 88f7afe 3rd commit (1st on testing).
* 78d88fa 2nd commit (2nd on master).
* 6870adc 1st commit (1st on master).
lcb402

*   72902f4 (HEAD, master) 9th
|\  
| *   8891b79 (first) 7th
| |\  
| | * 9ba59d5 (second) 3rd
* | |   3152930 8th
|\ \ \  
| |/ /  
| * |   88612c3 (fourth) 6th
| |\ \  
| | |/  
| |/|   
| * | 6fa03da 2nd
* | | b585b40 5th
| |/  
|/|   
* | 8ac097f (third) 4th
|/  
* 801ab63 1st
