lcb402

*   72902f4 (HEAD, master) 9th
|\
| *   8891b79 (first) 7th
| |\
| | * 9ba59d5 (second) 3rd
* | |   3152930 8th
|\ \ \
| |/ /
| * |   88612c3 (fourth) 6th
| |\ \
| | |/
| |/|
| * | 6fa03da 2nd
* | | b585b40 5th
| |/
|/|
* | 8ac097f (third) 4th
|/
* 801ab63 1st
*   239fc3e 9th commit (4th on testing).
|\  
| * 4cb456b 7th commit (5th on master).
| *   2e29e64 6th commit (4th on master).
| |\  
| * | 186aa74 5th commit (3rd on master).
* | | e9a03fc 8th commit (3rd on testing).
| |/  
|/|   
* | f4ee657 4th commit (2nd on testing).
|/  
* e030673 3rd commit (1st on testing).
* 1872ee8 2nd commit (2nd on master).
* 0dc6ada 1st commit (1st on master)
